0 info it worked if it ends with ok
1 verbose cli [ 'C:\\Program Files\\nodejs\\node.exe',
1 verbose cli   'C:\\Program Files\\nodejs\\node_modules\\npm\\bin\\npm-cli.js',
1 verbose cli   'install',
1 verbose cli   'AMD-feature',
1 verbose cli   '--save' ]
2 info using npm@2.14.12
3 info using node@v4.2.4
4 verbose install initial load of C:\Users\enric\Documents\Computing Science\Software Engineering\Electron\language-learning\package.json
5 verbose installManyTop reading scoped package data from C:\Users\enric\Documents\Computing Science\Software Engineering\Electron\language-learning\node_modules\async\package.json
6 verbose installManyTop reading scoped package data from C:\Users\enric\Documents\Computing Science\Software Engineering\Electron\language-learning\node_modules\bootstrap\package.json
7 verbose installManyTop reading scoped package data from C:\Users\enric\Documents\Computing Science\Software Engineering\Electron\language-learning\node_modules\bootstrap-select\package.json
8 verbose installManyTop reading scoped package data from C:\Users\enric\Documents\Computing Science\Software Engineering\Electron\language-learning\node_modules\electron-packager\package.json
9 verbose installManyTop reading scoped package data from C:\Users\enric\Documents\Computing Science\Software Engineering\Electron\language-learning\node_modules\electron-prebuilt\package.json
10 verbose installManyTop reading scoped package data from C:\Users\enric\Documents\Computing Science\Software Engineering\Electron\language-learning\node_modules\jquery\package.json
11 verbose installManyTop reading scoped package data from C:\Users\enric\Documents\Computing Science\Software Engineering\Electron\language-learning\node_modules\parsleyjs\package.json
12 verbose installManyTop reading scoped package data from C:\Users\enric\Documents\Computing Science\Software Engineering\Electron\language-learning\node_modules\requirejs\package.json
13 verbose installManyTop reading scoped package data from C:\Users\enric\Documents\Computing Science\Software Engineering\Electron\language-learning\node_modules\sql.js\package.json
14 verbose installManyTop reading scoped package data from C:\Users\enric\Documents\Computing Science\Software Engineering\Electron\language-learning\node_modules\underscore\package.json
15 verbose installManyTop reading scoped package data from C:\Users\enric\Documents\Computing Science\Software Engineering\Electron\language-learning\node_modules\xlsx\package.json
16 info package.json requirejs@2.1.22 No license field.
17 verbose readDependencies loading dependencies from C:\Users\enric\Documents\Computing Science\Software Engineering\Electron\language-learning\package.json
18 silly cache add args [ 'AMD-feature', null ]
19 verbose cache add spec AMD-feature
20 silly cache add parsed spec Result {
20 silly cache add   raw: 'AMD-feature',
20 silly cache add   scope: null,
20 silly cache add   name: 'AMD-feature',
20 silly cache add   rawSpec: '',
20 silly cache add   spec: 'latest',
20 silly cache add   type: 'tag' }
21 silly addNamed AMD-feature@latest
22 verbose addNamed "latest" is being treated as a dist-tag for AMD-feature
23 info addNameTag [ 'AMD-feature', 'latest' ]
24 silly mapToRegistry name AMD-feature
25 silly mapToRegistry using default registry
26 silly mapToRegistry registry https://registry.npmjs.org/
27 silly mapToRegistry uri https://registry.npmjs.org/AMD-feature
28 verbose addNameTag registry:https://registry.npmjs.org/AMD-feature not in flight; fetching
29 verbose request uri https://registry.npmjs.org/AMD-feature
30 verbose request no auth needed
31 info attempt registry request try #1 at 13:50:51
32 verbose request id bb1e295a7d026399
33 http request GET https://registry.npmjs.org/AMD-feature
34 http 404 https://registry.npmjs.org/AMD-feature
35 verbose headers { 'content-type': 'application/json',
35 verbose headers   'cache-control': 'max-age=0',
35 verbose headers   'content-length': '2',
35 verbose headers   'accept-ranges': 'bytes',
35 verbose headers   date: 'Tue, 26 Apr 2016 11:50:49 GMT',
35 verbose headers   via: '1.1 varnish',
35 verbose headers   age: '0',
35 verbose headers   connection: 'keep-alive',
35 verbose headers   'x-served-by': 'cache-ams4134-AMS',
35 verbose headers   'x-cache': 'MISS',
35 verbose headers   'x-cache-hits': '0',
35 verbose headers   'x-timer': 'S1461671449.553152,VS0,VE371',
35 verbose headers   vary: 'Accept-Encoding' }
36 silly get cb [ 404,
36 silly get   { 'content-type': 'application/json',
36 silly get     'cache-control': 'max-age=0',
36 silly get     'content-length': '2',
36 silly get     'accept-ranges': 'bytes',
36 silly get     date: 'Tue, 26 Apr 2016 11:50:49 GMT',
36 silly get     via: '1.1 varnish',
36 silly get     age: '0',
36 silly get     connection: 'keep-alive',
36 silly get     'x-served-by': 'cache-ams4134-AMS',
36 silly get     'x-cache': 'MISS',
36 silly get     'x-cache-hits': '0',
36 silly get     'x-timer': 'S1461671449.553152,VS0,VE371',
36 silly get     vary: 'Accept-Encoding' } ]
37 verbose stack Error: Registry returned 404 for GET on https://registry.npmjs.org/AMD-feature
37 verbose stack     at makeError (C:\Program Files\nodejs\node_modules\npm\node_modules\npm-registry-client\lib\request.js:264:12)
37 verbose stack     at CachingRegistryClient.<anonymous> (C:\Program Files\nodejs\node_modules\npm\node_modules\npm-registry-client\lib\request.js:242:14)
37 verbose stack     at Request._callback (C:\Program Files\nodejs\node_modules\npm\node_modules\npm-registry-client\lib\request.js:172:14)
37 verbose stack     at Request.self.callback (C:\Program Files\nodejs\node_modules\npm\node_modules\request\request.js:198:22)
37 verbose stack     at emitTwo (events.js:87:13)
37 verbose stack     at Request.emit (events.js:172:7)
37 verbose stack     at Request.<anonymous> (C:\Program Files\nodejs\node_modules\npm\node_modules\request\request.js:1082:10)
37 verbose stack     at emitOne (events.js:82:20)
37 verbose stack     at Request.emit (events.js:169:7)
37 verbose stack     at IncomingMessage.<anonymous> (C:\Program Files\nodejs\node_modules\npm\node_modules\request\request.js:1009:12)
38 verbose statusCode 404
39 verbose pkgid AMD-feature
40 verbose cwd C:\Users\enric\Documents\Computing Science\Software Engineering\Electron\language-learning
41 error Windows_NT 10.0.10586
42 error argv "C:\\Program Files\\nodejs\\node.exe" "C:\\Program Files\\nodejs\\node_modules\\npm\\bin\\npm-cli.js" "install" "AMD-feature" "--save"
43 error node v4.2.4
44 error npm  v2.14.12
45 error code E404
46 error 404 Registry returned 404 for GET on https://registry.npmjs.org/AMD-feature
46 error 404
46 error 404 'AMD-feature' is not in the npm registry.
46 error 404 Your package name is not valid, because
46 error 404
46 error 404  1. name can no longer contain capital letters
46 error 404 It was specified as a dependency of 'language-learning'
46 error 404
46 error 404 Note that you can also install from a
46 error 404 tarball, folder, http url, or git url.
47 verbose exit [ 1, true ]
